
*** Running vivado
    with args -log red_neuronal.vds -m64 -product Vivado -mode batch -messageDb vivado.pb -notrace -source red_neuronal.tcl



****** Vivado v2022.2 (64-bit)
  **** SW Build 3671981 on Fri Oct 14 05:00:03 MDT 2022
  **** IP Build 3669848 on Fri Oct 14 08:30:02 MDT 2022
    ** Copyright 1986-2022 Xilinx, Inc. All Rights Reserved.

source red_neuronal.tcl -notrace
create_project: Time (s): cpu = 00:00:10 ; elapsed = 00:00:11 . Memory (MB): peak = 430.852 ; gain = 112.137
Command: synth_design -top red_neuronal -part xc7a100tcsg324-1
Starting synth_design
Attempting to get a license for feature 'Synthesis' and/or device 'xc7a100t'
INFO: [Common 17-349] Got license for feature 'Synthesis' and/or device 'xc7a100t'
INFO: [Device 21-403] Loading part xc7a100tcsg324-1
INFO: [Synth 8-7079] Multithreading enabled for synth_design using a maximum of 2 processes.
INFO: [Synth 8-7078] Launching helper process for spawning children vivado processes
INFO: [Synth 8-7075] Helper process launched with PID 1668
INFO: [Synth 8-11241] undeclared symbol 'REGCCE', assumed default net type 'wire' [C:/Xilinx/Vivado/2022.2/data/verilog/src/unimacro/BRAM_SINGLE_MACRO.v:2170]
---------------------------------------------------------------------------------
Starting RTL Elaboration : Time (s): cpu = 00:00:09 ; elapsed = 00:00:09 . Memory (MB): peak = 1253.094 ; gain = 408.027
---------------------------------------------------------------------------------
INFO: [Synth 8-638] synthesizing module 'red_neuronal' [C:/Users/escar/OneDrive/Documentos/GitHub/TFG/Vivado/RED_NEURONAL-v1/RED_NEURONAL-v1.srcs/sources_1/new/red_neuronal.vhd:40]
INFO: [Synth 8-638] synthesizing module 'neurona1' [C:/Users/escar/OneDrive/Documentos/GitHub/TFG/Vivado/RED_NEURONAL-v1/RED_NEURONAL-v1.srcs/sources_1/new/neurona1.vhd:46]
ERROR: [Synth 8-502] non-constant real-valued expression is not supported [C:/Users/escar/OneDrive/Documentos/GitHub/TFG/Vivado/RED_NEURONAL-v1/RED_NEURONAL-v1.srcs/sources_1/new/neurona1.vhd:74]
ERROR: [Synth 8-285] failed synthesizing module 'neurona1' [C:/Users/escar/OneDrive/Documentos/GitHub/TFG/Vivado/RED_NEURONAL-v1/RED_NEURONAL-v1.srcs/sources_1/new/neurona1.vhd:46]
ERROR: [Synth 8-285] failed synthesizing module 'red_neuronal' [C:/Users/escar/OneDrive/Documentos/GitHub/TFG/Vivado/RED_NEURONAL-v1/RED_NEURONAL-v1.srcs/sources_1/new/red_neuronal.vhd:40]
---------------------------------------------------------------------------------
Finished RTL Elaboration : Time (s): cpu = 00:00:12 ; elapsed = 00:00:12 . Memory (MB): peak = 1342.695 ; gain = 497.629
---------------------------------------------------------------------------------
RTL Elaboration failed
INFO: [Common 17-83] Releasing license: Synthesis
9 Infos, 0 Warnings, 0 Critical Warnings and 4 Errors encountered.
synth_design failed
ERROR: [Common 17-69] Command failed: Synthesis failed - please see the console or run log file for details
INFO: [Common 17-206] Exiting Vivado at Mon May  8 10:38:37 2023...
